<?xml version="1.0" encoding="UTF-8"?>
<testng-results ignored="0" total="1" passed="1" failed="0" skipped="0">
  <reporter-output>
  </reporter-output>
  <suite started-at="2022-06-20T13:01:23 IST" name="Surefire suite" finished-at="2022-06-20T13:01:23 IST" duration-ms="77">
    <groups>
    </groups>
    <test started-at="2022-06-20T13:01:23 IST" name="Surefire test" finished-at="2022-06-20T13:01:23 IST" duration-ms="77">
      <class name="GetOmnify.AppTest">
        <test-method signature="shouldAnswerWithTrue()" started-at="2022-06-20T13:01:23 IST" name="shouldAnswerWithTrue" finished-at="2022-06-20T13:01:23 IST" duration-ms="13" status="PASS">
          <reporter-output>
          </reporter-output>
        </test-method> <!-- shouldAnswerWithTrue -->
      </class> <!-- GetOmnify.AppTest -->
    </test> <!-- Surefire test -->
  </suite> <!-- Surefire suite -->
</testng-results>
