<?xml version="1.0" encoding="UTF-8"?>
<testng-results ignored="0" total="5" passed="4" failed="1" skipped="0">
  <reporter-output>
  </reporter-output>
  <suite started-at="2022-06-20T12:59:19 IST" name="Surefire suite" finished-at="2022-06-20T13:01:22 IST" duration-ms="123098">
    <groups>
    </groups>
    <test started-at="2022-06-20T12:59:19 IST" name="Surefire test" finished-at="2022-06-20T13:01:22 IST" duration-ms="123098">
      <class name="GetOmnify.DashboardGeneralBusinessSettingsTest">
        <test-method signature="StaffLoginPage()[pri:0, instance:GetOmnify.DashboardGeneralBusinessSettingsTest@79d8407f]" started-at="2022-06-20T13:00:26 IST" name="StaffLoginPage" finished-at="2022-06-20T13:00:49 IST" duration-ms="22870" status="PASS">
          <reporter-output>
          </reporter-output>
        </test-method> <!-- StaffLoginPage -->
      </class> <!-- GetOmnify.DashboardGeneralBusinessSettingsTest -->
      <class name="GetOmnify.StaffLoginTest">
        <test-method signature="StaffLoginPage()[pri:0, instance:GetOmnify.StaffLoginTest@1e66f1f5]" started-at="2022-06-20T13:01:14 IST" name="StaffLoginPage" finished-at="2022-06-20T13:01:22 IST" duration-ms="8647" status="PASS">
          <reporter-output>
          </reporter-output>
        </test-method> <!-- StaffLoginPage -->
      </class> <!-- GetOmnify.StaffLoginTest -->
      <class name="GetOmnify.DashboardGeneralFormatSettingTest">
        <test-method signature="StaffLoginPage()[pri:0, instance:GetOmnify.DashboardGeneralFormatSettingTest@5fbe4146]" started-at="2022-06-20T13:00:49 IST" name="StaffLoginPage" finished-at="2022-06-20T13:01:14 IST" duration-ms="24425" status="PASS">
          <reporter-output>
          </reporter-output>
        </test-method> <!-- StaffLoginPage -->
      </class> <!-- GetOmnify.DashboardGeneralFormatSettingTest -->
      <class name="GetOmnify.DashboardGeneralAddressSettingsTest">
        <test-method signature="StaffLoginPage()[pri:0, instance:GetOmnify.DashboardGeneralAddressSettingsTest@3c3d9b6b]" started-at="2022-06-20T12:59:45 IST" name="StaffLoginPage" finished-at="2022-06-20T13:00:26 IST" duration-ms="41445" status="PASS">
          <reporter-output>
          </reporter-output>
        </test-method> <!-- StaffLoginPage -->
      </class> <!-- GetOmnify.DashboardGeneralAddressSettingsTest -->
      <class name="GetOmnify.chooseBusinessTest">
        <test-method signature="StaffLoginPage()[pri:0, instance:GetOmnify.chooseBusinessTest@69453e37]" started-at="2022-06-20T12:59:19 IST" name="StaffLoginPage" finished-at="2022-06-20T12:59:45 IST" duration-ms="25671" status="FAIL">
          <exception class="org.openqa.selenium.NoSuchElementException">
            <message>
              <![CDATA[no such element: Unable to locate element: {"method":"xpath","selector":"//*[contains(text(),'R R Kick Boxing')]"}
  (Session info: chrome=102.0.5005.115)
For documentation on this error, please visit: https://www.seleniumhq.org/exceptions/no_such_element.html
Build info: version: '3.141.59', revision: 'e82be7d358', time: '2018-11-14T08:17:03'
System info: host: 'LAPTOP-T8DFLIU8', ip: '172.27.234.225', os.name: 'Windows 11', os.arch: 'amd64', os.version: '10.0', java.version: '17.0.2'
Driver info: org.openqa.selenium.chrome.ChromeDriver
Capabilities {acceptInsecureCerts: false, browserName: chrome, browserVersion: 102.0.5005.115, chrome: {chromedriverVersion: 102.0.5005.61 (0e59bcc00cc4..., userDataDir: C:\Users\darsh\AppData\Loca...}, goog:chromeOptions: {debuggerAddress: localhost:57022}, javascriptEnabled: true, networkConnectionEnabled: false, pageLoadStrategy: normal, platform: WINDOWS, platformName: WINDOWS, proxy: Proxy(), setWindowRect: true, strictFileInteractability: false, timeouts: {implicit: 0, pageLoad: 300000, script: 30000}, unhandledPromptBehavior: dismiss and notify, webauthn:extension:credBlob: true, webauthn:extension:largeBlob: true, webauthn:virtualAuthenticators: true}
Session ID: 4049355750505ad2cebe188870b40052
*** Element info: {Using=xpath, value=//*[contains(text(),'R R Kick Boxing')]}]]>
            </message>
            <full-stacktrace>
              <![CDATA[org.openqa.selenium.NoSuchElementException: no such element: Unable to locate element: {"method":"xpath","selector":"//*[contains(text(),'R R Kick Boxing')]"}
  (Session info: chrome=102.0.5005.115)
For documentation on this error, please visit: https://www.seleniumhq.org/exceptions/no_such_element.html
Build info: version: '3.141.59', revision: 'e82be7d358', time: '2018-11-14T08:17:03'
System info: host: 'LAPTOP-T8DFLIU8', ip: '172.27.234.225', os.name: 'Windows 11', os.arch: 'amd64', os.version: '10.0', java.version: '17.0.2'
Driver info: org.openqa.selenium.chrome.ChromeDriver
Capabilities {acceptInsecureCerts: false, browserName: chrome, browserVersion: 102.0.5005.115, chrome: {chromedriverVersion: 102.0.5005.61 (0e59bcc00cc4..., userDataDir: C:\Users\darsh\AppData\Loca...}, goog:chromeOptions: {debuggerAddress: localhost:57022}, javascriptEnabled: true, networkConnectionEnabled: false, pageLoadStrategy: normal, platform: WINDOWS, platformName: WINDOWS, proxy: Proxy(), setWindowRect: true, strictFileInteractability: false, timeouts: {implicit: 0, pageLoad: 300000, script: 30000}, unhandledPromptBehavior: dismiss and notify, webauthn:extension:credBlob: true, webauthn:extension:largeBlob: true, webauthn:virtualAuthenticators: true}
Session ID: 4049355750505ad2cebe188870b40052
*** Element info: {Using=xpath, value=//*[contains(text(),'R R Kick Boxing')]}
at java.base/jdk.internal.reflect.NativeConstructorAccessorImpl.newInstance0(Native Method)
at java.base/jdk.internal.reflect.NativeConstructorAccessorImpl.newInstance(NativeConstructorAccessorImpl.java:77)
at java.base/jdk.internal.reflect.DelegatingConstructorAccessorImpl.newInstance(DelegatingConstructorAccessorImpl.java:45)
at java.base/java.lang.reflect.Constructor.newInstanceWithCaller(Constructor.java:499)
at java.base/java.lang.reflect.Constructor.newInstance(Constructor.java:480)
at org.openqa.selenium.remote.http.W3CHttpResponseCodec.createException(W3CHttpResponseCodec.java:187)
at org.openqa.selenium.remote.http.W3CHttpResponseCodec.decode(W3CHttpResponseCodec.java:122)
at org.openqa.selenium.remote.http.W3CHttpResponseCodec.decode(W3CHttpResponseCodec.java:49)
at org.openqa.selenium.remote.HttpCommandExecutor.execute(HttpCommandExecutor.java:158)
at org.openqa.selenium.remote.service.DriverCommandExecutor.execute(DriverCommandExecutor.java:83)
at org.openqa.selenium.remote.RemoteWebDriver.execute(RemoteWebDriver.java:552)
at org.openqa.selenium.remote.RemoteWebDriver.findElement(RemoteWebDriver.java:323)
at org.openqa.selenium.remote.RemoteWebDriver.findElementByXPath(RemoteWebDriver.java:428)
at org.openqa.selenium.By$ByXPath.findElement(By.java:353)
at org.openqa.selenium.remote.RemoteWebDriver.findElement(RemoteWebDriver.java:315)
at pageObjects.chooseBusiness.getSelectBusiness(chooseBusiness.java:19)
at GetOmnify.chooseBusinessTest.StaffLoginPage(chooseBusinessTest.java:26)
at java.base/jdk.internal.reflect.NativeMethodAccessorImpl.invoke0(Native Method)
at java.base/jdk.internal.reflect.NativeMethodAccessorImpl.invoke(NativeMethodAccessorImpl.java:77)
at java.base/jdk.internal.reflect.DelegatingMethodAccessorImpl.invoke(DelegatingMethodAccessorImpl.java:43)
at java.base/java.lang.reflect.Method.invoke(Method.java:568)
at org.testng.internal.invokers.MethodInvocationHelper.invokeMethod(MethodInvocationHelper.java:139)
at org.testng.internal.invokers.TestInvoker.invokeMethod(TestInvoker.java:677)
at org.testng.internal.invokers.TestInvoker.invokeTestMethod(TestInvoker.java:221)
at org.testng.internal.invokers.MethodRunner.runInSequence(MethodRunner.java:50)
at org.testng.internal.invokers.TestInvoker$MethodInvocationAgent.invoke(TestInvoker.java:962)
at org.testng.internal.invokers.TestInvoker.invokeTestMethods(TestInvoker.java:194)
at org.testng.internal.invokers.TestMethodWorker.invokeTestMethods(TestMethodWorker.java:148)
at org.testng.internal.invokers.TestMethodWorker.run(TestMethodWorker.java:128)
at java.base/java.util.ArrayList.forEach(ArrayList.java:1511)
at org.testng.TestRunner.privateRun(TestRunner.java:806)
at org.testng.TestRunner.run(TestRunner.java:601)
at org.testng.SuiteRunner.runTest(SuiteRunner.java:433)
at org.testng.SuiteRunner.runSequentially(SuiteRunner.java:427)
at org.testng.SuiteRunner.privateRun(SuiteRunner.java:387)
at org.testng.SuiteRunner.run(SuiteRunner.java:330)
at org.testng.SuiteRunnerWorker.runSuite(SuiteRunnerWorker.java:52)
at org.testng.SuiteRunnerWorker.run(SuiteRunnerWorker.java:95)
at org.testng.TestNG.runSuitesSequentially(TestNG.java:1256)
at org.testng.TestNG.runSuitesLocally(TestNG.java:1176)
at org.testng.TestNG.runSuites(TestNG.java:1099)
at org.testng.TestNG.run(TestNG.java:1067)
at org.apache.maven.surefire.testng.TestNGExecutor.run(TestNGExecutor.java:135)
at org.apache.maven.surefire.testng.TestNGDirectoryTestSuite.executeMulti(TestNGDirectoryTestSuite.java:193)
at org.apache.maven.surefire.testng.TestNGDirectoryTestSuite.execute(TestNGDirectoryTestSuite.java:94)
at org.apache.maven.surefire.testng.TestNGProvider.invoke(TestNGProvider.java:146)
at org.apache.maven.surefire.booter.ForkedBooter.invokeProviderInSameClassLoader(ForkedBooter.java:384)
at org.apache.maven.surefire.booter.ForkedBooter.runSuitesInProcess(ForkedBooter.java:345)
at org.apache.maven.surefire.booter.ForkedBooter.execute(ForkedBooter.java:126)
at org.apache.maven.surefire.booter.ForkedBooter.main(ForkedBooter.java:418)
]]>
            </full-stacktrace>
          </exception> <!-- org.openqa.selenium.NoSuchElementException -->
          <reporter-output>
          </reporter-output>
        </test-method> <!-- StaffLoginPage -->
      </class> <!-- GetOmnify.chooseBusinessTest -->
    </test> <!-- Surefire test -->
  </suite> <!-- Surefire suite -->
</testng-results>
