<?xml version="1.0" encoding="UTF-8"?>
<testng-results ignored="0" total="1" passed="1" failed="0" skipped="0">
  <reporter-output>
  </reporter-output>
  <suite started-at="2022-07-08T18:16:12 IST" name="Default suite" finished-at="2022-07-08T18:16:35 IST" duration-ms="22744">
    <groups>
    </groups>
    <test started-at="2022-07-08T18:16:12 IST" name="Default test" finished-at="2022-07-08T18:16:35 IST" duration-ms="22744">
      <class name="GetOmnify.DashboardServiceStoreGeneralTest">
        <test-method signature="StaffLoginPage()[pri:0, instance:GetOmnify.DashboardServiceStoreGeneralTest@747edf66]" started-at="2022-07-08T18:16:12 IST" name="StaffLoginPage" finished-at="2022-07-08T18:16:35 IST" duration-ms="22700" status="PASS">
          <reporter-output>
          </reporter-output>
        </test-method> <!-- StaffLoginPage -->
      </class> <!-- GetOmnify.DashboardServiceStoreGeneralTest -->
    </test> <!-- Default test -->
  </suite> <!-- Default suite -->
</testng-results>
